2013-06-17 09:03:58,020 INFO  [DefaultSoapUICore] initialized soapui-settings from [/home/bin/soapui/soapui-4.5.1/soapui-settings.xml]
2013-06-17 09:04:03,063 INFO  [SoapUI] Used java version: 1.7.0_40
2013-06-17 09:04:08,439 INFO  [b] XULRunner is already extracted to /home/sren/.JxBrowser/xulrunner-linux-version-1.9.2.1/xulrunner-linux-64
2013-06-17 09:05:12,686 INFO  [SchemaUtils] Added default schema from file:/home/bin/soapui/soapui-4.5.1/bin/soapui-4.5.1.jar!/com/eviware/soapui/resources/xsds/xop.xsd with targetNamespace http://www.w3.org/2004/08/xop/include
2013-06-17 09:05:12,838 INFO  [SchemaUtils] Added default schema from file:/home/bin/soapui/soapui-4.5.1/bin/soapui-4.5.1.jar!/com/eviware/soapui/resources/xsds/XMLSchema.xsd with targetNamespace http://www.w3.org/2001/XMLSchema
2013-06-17 09:05:12,842 INFO  [SchemaUtils] Added default schema from file:/home/bin/soapui/soapui-4.5.1/bin/soapui-4.5.1.jar!/com/eviware/soapui/resources/xsds/xml.xsd with targetNamespace http://www.w3.org/XML/1998/namespace
2013-06-17 09:05:12,851 INFO  [SchemaUtils] Added default schema from file:/home/bin/soapui/soapui-4.5.1/bin/soapui-4.5.1.jar!/com/eviware/soapui/resources/xsds/swaref.xsd with targetNamespace http://ws-i.org/profiles/basic/1.1/xsd
2013-06-17 09:05:12,855 INFO  [SchemaUtils] Added default schema from file:/home/bin/soapui/soapui-4.5.1/bin/soapui-4.5.1.jar!/com/eviware/soapui/resources/xsds/xmime200505.xsd with targetNamespace http://www.w3.org/2005/05/xmlmime
2013-06-17 09:05:12,861 INFO  [SchemaUtils] Added default schema from file:/home/bin/soapui/soapui-4.5.1/bin/soapui-4.5.1.jar!/com/eviware/soapui/resources/xsds/xmime200411.xsd with targetNamespace http://www.w3.org/2004/11/xmlmime
2013-06-17 09:05:12,871 INFO  [SchemaUtils] Added default schema from file:/home/bin/soapui/soapui-4.5.1/bin/soapui-4.5.1.jar!/com/eviware/soapui/resources/xsds/soapEnvelope.xsd with targetNamespace http://schemas.xmlsoap.org/soap/envelope/
2013-06-17 09:05:12,932 INFO  [SchemaUtils] Added default schema from file:/home/bin/soapui/soapui-4.5.1/bin/soapui-4.5.1.jar!/com/eviware/soapui/resources/xsds/soapEncoding.xsd with targetNamespace http://schemas.xmlsoap.org/soap/encoding/
2013-06-17 09:05:12,945 INFO  [SchemaUtils] Added default schema from file:/home/bin/soapui/soapui-4.5.1/bin/soapui-4.5.1.jar!/com/eviware/soapui/resources/xsds/soapEnvelope12.xsd with targetNamespace http://www.w3.org/2003/05/soap-envelope
2013-06-17 09:05:12,960 INFO  [SchemaUtils] Added default schema from file:/home/bin/soapui/soapui-4.5.1/bin/soapui-4.5.1.jar!/com/eviware/soapui/resources/xsds/soapEncoding12.xsd with targetNamespace http://www.w3.org/2003/05/soap-encoding
2013-06-17 09:05:13,407 INFO  [SchemaUtils] Loading schema types from [http://10.10.52.18:9788/ESB-initial/ws/WsAdapter?wsdl]
2013-06-17 09:05:13,408 INFO  [SchemaUtils] Getting schema http://10.10.52.18:9788/ESB-initial/ws/WsAdapter?wsdl
2013-06-17 09:05:13,811 INFO  [WsdlImporter] Finding importer for {http://DefaultNamespace}ESBWebServiceSoapBinding
2013-06-17 09:05:13,818 INFO  [WsdlImporter] Importing binding {http://DefaultNamespace}ESBWebServiceSoapBinding
2013-06-17 09:05:13,863 INFO  [Soap11HttpBindingImporter] importing endpoint http://10.10.52.18:9788/ESB-initial/ws/WsAdapter
2013-06-17 09:05:14,113 INFO  [Soap11HttpBindingImporter] importing operation ESBRequest1
2013-06-17 09:05:14,142 INFO  [Soap11HttpBindingImporter] importing operation ESBRequest2
2013-06-17 09:12:11,436 INFO  [AbstractHttpRequestDesktopPanel] Got response for [ESBWebServiceSoapBinding.ESBRequest1:Request 1] in 291ms (819 bytes)
2013-06-17 09:42:29,220 INFO  [DefaultSoapUICore] Settings saved to [/home/bin/soapui/soapui-4.5.1/soapui-settings.xml]
2013-06-17 09:42:32,330 INFO  [WorkspaceImpl] Saved workspace to [/home/bin/0bin/../../TestPBE-workspace.xml]
